<?xml version="1.0" encoding="Shift_JIS" standalone="no"?>
<!DOCTYPE log SYSTEM "logger.dtd">
<log>
<record>
  <date>2013-04-18T18:03:55</date>
  <millis>1366275835582</millis>
  <sequence>538</sequence>
  <logger>itp_Logger</logger>
  <level>INFO</level>
  <class>CameraCapture</class>
  <method>saveCameraTimeTable</method>
  <thread>14</thread>
  <message>camera_time_table 1 DUMMY_PLANTER</message>
</record>
<record>
  <date>2013-04-18T18:03:55</date>
  <millis>1366275835586</millis>
  <sequence>539</sequence>
  <logger>itp_Logger</logger>
  <level>INFO</level>
  <class>CameraCapture</class>
  <method>saveCameraTimeTable</method>
  <thread>14</thread>
  <message>camera_time_table 2 /Users/sakaguti/Documents/workspace/itpManager/data/Mac/DUMMY_PLANTERcamSch.txt</message>
</record>
<record>
  <date>2013-04-18T18:03:55</date>
  <millis>1366275835588</millis>
  <sequence>540</sequence>
  <logger>itp_Logger</logger>
  <level>INFO</level>
  <class>CameraCapture</class>
  <method>saveCameraTimeTable</method>
  <thread>14</thread>
  <message>cameta_time_table /Users/sakaguti/Documents/workspace/itpManager/data/Mac/DUMMY_PLANTERcamSch.txt has saved</message>
</record>
<record>
  <date>2013-04-18T18:03:55</date>
  <millis>1366275835589</millis>
  <sequence>541</sequence>
  <logger>itp_Logger</logger>
  <level>INFO</level>
  <class>CameraCapture</class>
  <method>setTimeTable</method>
  <thread>14</thread>
  <message>timeTable: 00:00:00</message>
</record>
<record>
  <date>2013-04-18T18:03:55</date>
  <millis>1366275835590</millis>
  <sequence>542</sequence>
  <logger>itp_Logger</logger>
  <level>INFO</level>
  <class>CameraCapture</class>
  <method>TPT_processing</method>
  <thread>14</thread>
  <message>TPT_processing:Take Picture Time Table making 1:</message>
</record>
<record>
  <date>2013-04-18T18:04:05</date>
  <millis>1366275845973</millis>
  <sequence>5745</sequence>
  <logger>itp_Logger</logger>
  <level>INFO</level>
  <class>PlanterSelecter</class>
  <method>mouseClicked</method>
  <thread>14</thread>
  <message>Command: Z
error :  device not found!
</message>
</record>
</log>
