<?xml version="1.0" encoding="Shift_JIS" standalone="no"?>
<!DOCTYPE log SYSTEM "logger.dtd">
<log>
<record>
  <date>2013-04-18T09:20:37</date>
  <millis>1366244437824</millis>
  <sequence>506</sequence>
  <logger>itp_Logger</logger>
  <level>INFO</level>
  <class>CameraCapture</class>
  <method>saveCameraTimeTable</method>
  <thread>10</thread>
  <message>camera_time_table 1 ITPLANTER-0</message>
</record>
<record>
  <date>2013-04-18T09:20:37</date>
  <millis>1366244437829</millis>
  <sequence>507</sequence>
  <logger>itp_Logger</logger>
  <level>INFO</level>
  <class>CameraCapture</class>
  <method>saveCameraTimeTable</method>
  <thread>10</thread>
  <message>camera_time_table 2 /Users/sakaguti/Documents/workspace/itpManager/data/Mac/ITPLANTER-0camSch.txt</message>
</record>
<record>
  <date>2013-04-18T09:20:37</date>
  <millis>1366244437829</millis>
  <sequence>508</sequence>
  <logger>itp_Logger</logger>
  <level>INFO</level>
  <class>CameraCapture</class>
  <method>saveCameraTimeTable</method>
  <thread>10</thread>
  <message>cameta_time_table /Users/sakaguti/Documents/workspace/itpManager/data/Mac/ITPLANTER-0camSch.txt has saved</message>
</record>
<record>
  <date>2013-04-18T09:20:37</date>
  <millis>1366244437830</millis>
  <sequence>509</sequence>
  <logger>itp_Logger</logger>
  <level>INFO</level>
  <class>CameraCapture</class>
  <method>setTimeTable</method>
  <thread>10</thread>
  <message>timeTable: 12:0:00</message>
</record>
<record>
  <date>2013-04-18T09:20:37</date>
  <millis>1366244437830</millis>
  <sequence>510</sequence>
  <logger>itp_Logger</logger>
  <level>INFO</level>
  <class>CameraCapture</class>
  <method>TPT_processing</method>
  <thread>10</thread>
  <message>TPT_processing:Take Picture Time Table making 1:</message>
</record>
<record>
  <date>2013-04-18T09:20:37</date>
  <millis>1366244437831</millis>
  <sequence>511</sequence>
  <logger>itp_Logger</logger>
  <level>INFO</level>
  <class>CameraCapture</class>
  <method>TPT_processing</method>
  <thread>10</thread>
  <message>TPT_processing 4: setTime=Thu Apr 18 12:00:00 JST 2013 ITPLANTER-0_Cam-0_DATE_.bmp</message>
</record>
<record>
  <date>2013-04-18T09:20:37</date>
  <millis>1366244437831</millis>
  <sequence>512</sequence>
  <logger>itp_Logger</logger>
  <level>INFO</level>
  <class>CameraCapture</class>
  <method>TPT_processing</method>
  <thread>10</thread>
  <message>TPT_processing 5: TimerTask new start ITPLANTER-0_Cam-0_DATE_.bmp</message>
</record>
<record>
  <date>2013-04-18T09:20:37</date>
  <millis>1366244437831</millis>
  <sequence>513</sequence>
  <logger>itp_Logger</logger>
  <level>INFO</level>
  <class>CameraCapture</class>
  <method>TPT_processing</method>
  <thread>10</thread>
  <message>TPT_processing 6: TimerTask new end</message>
</record>
<record>
  <date>2013-04-18T09:20:38</date>
  <millis>1366244438333</millis>
  <sequence>514</sequence>
  <logger>itp_Logger</logger>
  <level>INFO</level>
  <class>CameraCapture</class>
  <method>TPT_processing</method>
  <thread>10</thread>
  <message>TPT_processing 7: TimerTask :12 0 save schedule at : Thu Apr 18 12:00:00 JST 2013</message>
</record>
<record>
  <date>2013-04-18T09:20:44</date>
  <millis>1366244444785</millis>
  <sequence>4491</sequence>
  <logger>itp_Logger</logger>
  <level>INFO</level>
  <class>PlanterSelecter</class>
  <method>mouseClicked</method>
  <thread>10</thread>
  <message>Command: Z
1207000437

</message>
</record>
<record>
  <date>2013-04-18T09:20:49</date>
  <millis>1366244449162</millis>
  <sequence>5076</sequence>
  <logger>itp_Logger</logger>
  <level>INFO</level>
  <class>PlantProgram</class>
  <method>findPlanter</method>
  <thread>10</thread>
  <message>Command: Z
1207000437

</message>
</record>
<record>
  <date>2013-04-18T09:20:49</date>
  <millis>1366244449427</millis>
  <sequence>5077</sequence>
  <logger>itp_Logger</logger>
  <level>INFO</level>
  <class>PlantProgram</class>
  <method>findPlanter</method>
  <thread>10</thread>
  <message>Command: Z
1207000228

</message>
</record>
<record>
  <date>2013-04-18T09:20:58</date>
  <millis>1366244458176</millis>
  <sequence>5568</sequence>
  <logger>itp_Logger</logger>
  <level>INFO</level>
  <class>PlanterSelecter</class>
  <method>mouseClicked</method>
  <thread>10</thread>
  <message>Command: Z
1207000437

</message>
</record>
<record>
  <date>2013-04-18T09:21:02</date>
  <millis>1366244462142</millis>
  <sequence>6195</sequence>
  <logger>itp_Logger</logger>
  <level>INFO</level>
  <class>PlantProgram</class>
  <method>findPlanter</method>
  <thread>10</thread>
  <message>Command: Z
1207000437

</message>
</record>
<record>
  <date>2013-04-18T09:21:02</date>
  <millis>1366244462409</millis>
  <sequence>6196</sequence>
  <logger>itp_Logger</logger>
  <level>INFO</level>
  <class>PlantProgram</class>
  <method>findPlanter</method>
  <thread>10</thread>
  <message>Command: Z
1207000228

</message>
</record>
<record>
  <date>2013-04-18T09:21:24</date>
  <millis>1366244484898</millis>
  <sequence>6813</sequence>
  <logger>itp_Logger</logger>
  <level>INFO</level>
  <class>PlantProgram</class>
  <method>findPlanter</method>
  <thread>10</thread>
  <message>Command: Z
1207000437

</message>
</record>
<record>
  <date>2013-04-18T09:21:25</date>
  <millis>1366244485219</millis>
  <sequence>6814</sequence>
  <logger>itp_Logger</logger>
  <level>INFO</level>
  <class>PlantProgram</class>
  <method>findPlanter</method>
  <thread>10</thread>
  <message>Command: Z
1207000228

</message>
</record>
<record>
  <date>2013-04-18T09:21:31</date>
  <millis>1366244491234</millis>
  <sequence>7587</sequence>
  <logger>itp_Logger</logger>
  <level>INFO</level>
  <class>PlantProgram</class>
  <method>findPlanter</method>
  <thread>10</thread>
  <message>Command: Z
1207000437

</message>
</record>
<record>
  <date>2013-04-18T09:21:31</date>
  <millis>1366244491500</millis>
  <sequence>7588</sequence>
  <logger>itp_Logger</logger>
  <level>INFO</level>
  <class>PlantProgram</class>
  <method>findPlanter</method>
  <thread>10</thread>
  <message>Command: Z
1207000228

</message>
</record>
</log>
